--> Processing demo-it-business.html...
--> Finished processing demo-it-business.html.\n
--> Processing demo-it-business-about.html...
--> Finished processing demo-it-business-about.html.\n
--> Processing demo-it-business-services-details-dev-azure.html...
--> Finished processing demo-it-business-services-details-dev-azure.html.\n
--> Processing demo-it-business-services-details-migrate.html...
--> Finished processing demo-it-business-services-details-migrate.html.\n
--> Processing demo-it-business-case-studies.html...
--> Finished processing demo-it-business-case-studies.html.\n
--> Processing demo-it-business-services-details-ia.html...
--> Finished processing demo-it-business-services-details-ia.html.\n
--> Processing demo-it-business-services-details-power-bi.html...
--> Finished processing demo-it-business-services-details-power-bi.html.\n
--> Processing demo-it-business-services-details-power-platform.html...
--> Finished processing demo-it-business-services-details-power-platform.html.\n
--> Processing demo-it-business-services-details-ux.html...
--> Finished processing demo-it-business-services-details-ux.html.\n
--> Processing demo-it-business-services-details-agile.html...
--> Finished processing demo-it-business-services-details-agile.html.\n
--> Processing demo-it-business-services-details-run.html...
--> Finished processing demo-it-business-services-details-run.html.\n
--> Processing demo-it-business-blog.html...
--> Finished processing demo-it-business-blog.html.\n
